{"message":"Listening on port 3000...","level":"info"}
{"message":"Connected to MongoDB...","level":"info"}
{"message":"Listening on port 3000...","level":"info"}
{"message":"Connected to MongoDB...","level":"info"}
{"message":"Listening on port 3000...","level":"info"}
{"message":"Connected to MongoDB...","level":"info"}
{"message":"Listening on port 3000...","level":"info"}
{"message":"Connected to MongoDB...","level":"info"}
{"level":"error","message":"Converting circular structure to JSON\n    --> starting at object with constructor 'NativeTopology'\n    |     property 's' -> object with constructor 'Object'\n    |     property 'sessionPool' -> object with constructor 'ServerSessionPool'\n    --- property 'topology' closes the circleConverting circular structure to JSON\n    --> starting at object with constructor 'NativeTopology'\n    |     property 's' -> object with constructor 'Object'\n    |     property 'sessionPool' -> object with constructor 'ServerSessionPool'\n    --- property 'topology' closes the circle","stack":"TypeError: Converting circular structure to JSON\n    --> starting at object with constructor 'NativeTopology'\n    |     property 's' -> object with constructor 'Object'\n    |     property 'sessionPool' -> object with constructor 'ServerSessionPool'\n    --- property 'topology' closes the circle\n    at JSON.stringify (<anonymous>)\n    at stringify (C:\\Users\\Mido\\Desktop\\task-manger-api\\node_modules\\express\\lib\\response.js:1123:12)\n    at ServerResponse.json (C:\\Users\\Mido\\Desktop\\task-manger-api\\node_modules\\express\\lib\\response.js:260:14)\n    at ServerResponse.send (C:\\Users\\Mido\\Desktop\\task-manger-api\\node_modules\\express\\lib\\response.js:158:21)\n    at C:\\Users\\Mido\\Desktop\\task-manger-api\\routes\\task.route.js:39:19\n    at newFn (C:\\Users\\Mido\\Desktop\\task-manger-api\\node_modules\\express-async-errors\\index.js:16:20)\n    at Layer.handle [as handle_request] (C:\\Users\\Mido\\Desktop\\task-manger-api\\node_modules\\express\\lib\\router\\layer.js:95:5)\n    at next (C:\\Users\\Mido\\Desktop\\task-manger-api\\node_modules\\express\\lib\\router\\route.js:137:13)\n    at Route.dispatch (C:\\Users\\Mido\\Desktop\\task-manger-api\\node_modules\\express\\lib\\router\\route.js:112:3)\n    at newFn (C:\\Users\\Mido\\Desktop\\task-manger-api\\node_modules\\express-async-errors\\index.js:16:20)\n    at Layer.handle [as handle_request] (C:\\Users\\Mido\\Desktop\\task-manger-api\\node_modules\\express\\lib\\router\\layer.js:95:5)\n    at C:\\Users\\Mido\\Desktop\\task-manger-api\\node_modules\\express\\lib\\router\\index.js:281:22\n    at Function.process_params (C:\\Users\\Mido\\Desktop\\task-manger-api\\node_modules\\express\\lib\\router\\index.js:335:12)\n    at next (C:\\Users\\Mido\\Desktop\\task-manger-api\\node_modules\\express\\lib\\router\\index.js:275:10)\n    at Function.handle (C:\\Users\\Mido\\Desktop\\task-manger-api\\node_modules\\express\\lib\\router\\index.js:174:3)\n    at router (C:\\Users\\Mido\\Desktop\\task-manger-api\\node_modules\\express\\lib\\router\\index.js:47:12)"}
{"level":"error","message":"Converting circular structure to JSON\n    --> starting at object with constructor 'NativeTopology'\n    |     property 's' -> object with constructor 'Object'\n    |     property 'sessionPool' -> object with constructor 'ServerSessionPool'\n    --- property 'topology' closes the circleConverting circular structure to JSON\n    --> starting at object with constructor 'NativeTopology'\n    |     property 's' -> object with constructor 'Object'\n    |     property 'sessionPool' -> object with constructor 'ServerSessionPool'\n    --- property 'topology' closes the circle","stack":"TypeError: Converting circular structure to JSON\n    --> starting at object with constructor 'NativeTopology'\n    |     property 's' -> object with constructor 'Object'\n    |     property 'sessionPool' -> object with constructor 'ServerSessionPool'\n    --- property 'topology' closes the circle\n    at JSON.stringify (<anonymous>)\n    at stringify (C:\\Users\\Mido\\Desktop\\task-manger-api\\node_modules\\express\\lib\\response.js:1123:12)\n    at ServerResponse.json (C:\\Users\\Mido\\Desktop\\task-manger-api\\node_modules\\express\\lib\\response.js:260:14)\n    at ServerResponse.send (C:\\Users\\Mido\\Desktop\\task-manger-api\\node_modules\\express\\lib\\response.js:158:21)\n    at C:\\Users\\Mido\\Desktop\\task-manger-api\\routes\\task.route.js:39:19\n    at newFn (C:\\Users\\Mido\\Desktop\\task-manger-api\\node_modules\\express-async-errors\\index.js:16:20)\n    at Layer.handle [as handle_request] (C:\\Users\\Mido\\Desktop\\task-manger-api\\node_modules\\express\\lib\\router\\layer.js:95:5)\n    at next (C:\\Users\\Mido\\Desktop\\task-manger-api\\node_modules\\express\\lib\\router\\route.js:137:13)\n    at Route.dispatch (C:\\Users\\Mido\\Desktop\\task-manger-api\\node_modules\\express\\lib\\router\\route.js:112:3)\n    at newFn (C:\\Users\\Mido\\Desktop\\task-manger-api\\node_modules\\express-async-errors\\index.js:16:20)\n    at Layer.handle [as handle_request] (C:\\Users\\Mido\\Desktop\\task-manger-api\\node_modules\\express\\lib\\router\\layer.js:95:5)\n    at C:\\Users\\Mido\\Desktop\\task-manger-api\\node_modules\\express\\lib\\router\\index.js:281:22\n    at Function.process_params (C:\\Users\\Mido\\Desktop\\task-manger-api\\node_modules\\express\\lib\\router\\index.js:335:12)\n    at next (C:\\Users\\Mido\\Desktop\\task-manger-api\\node_modules\\express\\lib\\router\\index.js:275:10)\n    at Function.handle (C:\\Users\\Mido\\Desktop\\task-manger-api\\node_modules\\express\\lib\\router\\index.js:174:3)\n    at router (C:\\Users\\Mido\\Desktop\\task-manger-api\\node_modules\\express\\lib\\router\\index.js:47:12)"}
{"message":"Listening on port 3000...","level":"info"}
{"message":"Connected to MongoDB...","level":"info"}
{"level":"error","message":"Converting circular structure to JSON\n    --> starting at object with constructor 'NativeTopology'\n    |     property 's' -> object with constructor 'Object'\n    |     property 'sessionPool' -> object with constructor 'ServerSessionPool'\n    --- property 'topology' closes the circleConverting circular structure to JSON\n    --> starting at object with constructor 'NativeTopology'\n    |     property 's' -> object with constructor 'Object'\n    |     property 'sessionPool' -> object with constructor 'ServerSessionPool'\n    --- property 'topology' closes the circle","stack":"TypeError: Converting circular structure to JSON\n    --> starting at object with constructor 'NativeTopology'\n    |     property 's' -> object with constructor 'Object'\n    |     property 'sessionPool' -> object with constructor 'ServerSessionPool'\n    --- property 'topology' closes the circle\n    at JSON.stringify (<anonymous>)\n    at stringify (C:\\Users\\Mido\\Desktop\\task-manger-api\\node_modules\\express\\lib\\response.js:1123:12)\n    at ServerResponse.json (C:\\Users\\Mido\\Desktop\\task-manger-api\\node_modules\\express\\lib\\response.js:260:14)\n    at ServerResponse.send (C:\\Users\\Mido\\Desktop\\task-manger-api\\node_modules\\express\\lib\\response.js:158:21)\n    at C:\\Users\\Mido\\Desktop\\task-manger-api\\routes\\task.route.js:38:19\n    at newFn (C:\\Users\\Mido\\Desktop\\task-manger-api\\node_modules\\express-async-errors\\index.js:16:20)\n    at Layer.handle [as handle_request] (C:\\Users\\Mido\\Desktop\\task-manger-api\\node_modules\\express\\lib\\router\\layer.js:95:5)\n    at next (C:\\Users\\Mido\\Desktop\\task-manger-api\\node_modules\\express\\lib\\router\\route.js:137:13)\n    at Route.dispatch (C:\\Users\\Mido\\Desktop\\task-manger-api\\node_modules\\express\\lib\\router\\route.js:112:3)\n    at newFn (C:\\Users\\Mido\\Desktop\\task-manger-api\\node_modules\\express-async-errors\\index.js:16:20)\n    at Layer.handle [as handle_request] (C:\\Users\\Mido\\Desktop\\task-manger-api\\node_modules\\express\\lib\\router\\layer.js:95:5)\n    at C:\\Users\\Mido\\Desktop\\task-manger-api\\node_modules\\express\\lib\\router\\index.js:281:22\n    at Function.process_params (C:\\Users\\Mido\\Desktop\\task-manger-api\\node_modules\\express\\lib\\router\\index.js:335:12)\n    at next (C:\\Users\\Mido\\Desktop\\task-manger-api\\node_modules\\express\\lib\\router\\index.js:275:10)\n    at Function.handle (C:\\Users\\Mido\\Desktop\\task-manger-api\\node_modules\\express\\lib\\router\\index.js:174:3)\n    at router (C:\\Users\\Mido\\Desktop\\task-manger-api\\node_modules\\express\\lib\\router\\index.js:47:12)"}
{"message":"Listening on port 3000...","level":"info"}
{"message":"Connected to MongoDB...","level":"info"}
{"level":"error","message":"Converting circular structure to JSON\n    --> starting at object with constructor 'NativeTopology'\n    |     property 's' -> object with constructor 'Object'\n    |     property 'sessionPool' -> object with constructor 'ServerSessionPool'\n    --- property 'topology' closes the circleConverting circular structure to JSON\n    --> starting at object with constructor 'NativeTopology'\n    |     property 's' -> object with constructor 'Object'\n    |     property 'sessionPool' -> object with constructor 'ServerSessionPool'\n    --- property 'topology' closes the circle","stack":"TypeError: Converting circular structure to JSON\n    --> starting at object with constructor 'NativeTopology'\n    |     property 's' -> object with constructor 'Object'\n    |     property 'sessionPool' -> object with constructor 'ServerSessionPool'\n    --- property 'topology' closes the circle\n    at JSON.stringify (<anonymous>)\n    at stringify (C:\\Users\\Mido\\Desktop\\task-manger-api\\node_modules\\express\\lib\\response.js:1123:12)\n    at ServerResponse.json (C:\\Users\\Mido\\Desktop\\task-manger-api\\node_modules\\express\\lib\\response.js:260:14)\n    at C:\\Users\\Mido\\Desktop\\task-manger-api\\routes\\task.route.js:38:19\n    at newFn (C:\\Users\\Mido\\Desktop\\task-manger-api\\node_modules\\express-async-errors\\index.js:16:20)\n    at Layer.handle [as handle_request] (C:\\Users\\Mido\\Desktop\\task-manger-api\\node_modules\\express\\lib\\router\\layer.js:95:5)\n    at next (C:\\Users\\Mido\\Desktop\\task-manger-api\\node_modules\\express\\lib\\router\\route.js:137:13)\n    at Route.dispatch (C:\\Users\\Mido\\Desktop\\task-manger-api\\node_modules\\express\\lib\\router\\route.js:112:3)\n    at newFn (C:\\Users\\Mido\\Desktop\\task-manger-api\\node_modules\\express-async-errors\\index.js:16:20)\n    at Layer.handle [as handle_request] (C:\\Users\\Mido\\Desktop\\task-manger-api\\node_modules\\express\\lib\\router\\layer.js:95:5)\n    at C:\\Users\\Mido\\Desktop\\task-manger-api\\node_modules\\express\\lib\\router\\index.js:281:22\n    at Function.process_params (C:\\Users\\Mido\\Desktop\\task-manger-api\\node_modules\\express\\lib\\router\\index.js:335:12)\n    at next (C:\\Users\\Mido\\Desktop\\task-manger-api\\node_modules\\express\\lib\\router\\index.js:275:10)\n    at Function.handle (C:\\Users\\Mido\\Desktop\\task-manger-api\\node_modules\\express\\lib\\router\\index.js:174:3)\n    at router (C:\\Users\\Mido\\Desktop\\task-manger-api\\node_modules\\express\\lib\\router\\index.js:47:12)\n    at newFn (C:\\Users\\Mido\\Desktop\\task-manger-api\\node_modules\\express-async-errors\\index.js:16:20)"}
{"level":"error","message":"Converting circular structure to JSON\n    --> starting at object with constructor 'NativeTopology'\n    |     property 's' -> object with constructor 'Object'\n    |     property 'sessionPool' -> object with constructor 'ServerSessionPool'\n    --- property 'topology' closes the circleConverting circular structure to JSON\n    --> starting at object with constructor 'NativeTopology'\n    |     property 's' -> object with constructor 'Object'\n    |     property 'sessionPool' -> object with constructor 'ServerSessionPool'\n    --- property 'topology' closes the circle","stack":"TypeError: Converting circular structure to JSON\n    --> starting at object with constructor 'NativeTopology'\n    |     property 's' -> object with constructor 'Object'\n    |     property 'sessionPool' -> object with constructor 'ServerSessionPool'\n    --- property 'topology' closes the circle\n    at JSON.stringify (<anonymous>)\n    at stringify (C:\\Users\\Mido\\Desktop\\task-manger-api\\node_modules\\express\\lib\\response.js:1123:12)\n    at ServerResponse.json (C:\\Users\\Mido\\Desktop\\task-manger-api\\node_modules\\express\\lib\\response.js:260:14)\n    at ServerResponse.send (C:\\Users\\Mido\\Desktop\\task-manger-api\\node_modules\\express\\lib\\response.js:158:21)\n    at C:\\Users\\Mido\\Desktop\\task-manger-api\\routes\\task.route.js:30:19\n    at newFn (C:\\Users\\Mido\\Desktop\\task-manger-api\\node_modules\\express-async-errors\\index.js:16:20)\n    at Layer.handle [as handle_request] (C:\\Users\\Mido\\Desktop\\task-manger-api\\node_modules\\express\\lib\\router\\layer.js:95:5)\n    at next (C:\\Users\\Mido\\Desktop\\task-manger-api\\node_modules\\express\\lib\\router\\route.js:137:13)\n    at Route.dispatch (C:\\Users\\Mido\\Desktop\\task-manger-api\\node_modules\\express\\lib\\router\\route.js:112:3)\n    at newFn (C:\\Users\\Mido\\Desktop\\task-manger-api\\node_modules\\express-async-errors\\index.js:16:20)\n    at Layer.handle [as handle_request] (C:\\Users\\Mido\\Desktop\\task-manger-api\\node_modules\\express\\lib\\router\\layer.js:95:5)\n    at C:\\Users\\Mido\\Desktop\\task-manger-api\\node_modules\\express\\lib\\router\\index.js:281:22\n    at param (C:\\Users\\Mido\\Desktop\\task-manger-api\\node_modules\\express\\lib\\router\\index.js:354:14)\n    at param (C:\\Users\\Mido\\Desktop\\task-manger-api\\node_modules\\express\\lib\\router\\index.js:365:14)\n    at Function.process_params (C:\\Users\\Mido\\Desktop\\task-manger-api\\node_modules\\express\\lib\\router\\index.js:410:3)\n    at next (C:\\Users\\Mido\\Desktop\\task-manger-api\\node_modules\\express\\lib\\router\\index.js:275:10)"}
{"message":"Listening on port 3000...","level":"info"}
{"message":"Connected to MongoDB...","level":"info"}
{"message":"Listening on port 3000...","level":"info"}
{"message":"Connected to MongoDB...","level":"info"}
{"message":"Listening on port 3000...","level":"info"}
{"message":"Connected to MongoDB...","level":"info"}
{"message":"Listening on port 3000...","level":"info"}
{"message":"Connected to MongoDB...","level":"info"}
{"message":"Listening on port 3000...","level":"info"}
{"message":"Connected to MongoDB...","level":"info"}
{"message":"Listening on port 3000...","level":"info"}
{"message":"Connected to MongoDB...","level":"info"}
{"message":"Listening on port 3000...","level":"info"}
{"message":"Connected to MongoDB...","level":"info"}
{"message":"Listening on port 3000...","level":"info"}
{"message":"Connected to MongoDB...","level":"info"}
{"message":"Listening on port 3000...","level":"info"}
{"message":"Connected to MongoDB...","level":"info"}
{"message":"Listening on port 3000...","level":"info"}
{"message":"Connected to MongoDB...","level":"info"}
{"message":"Listening on port 3000...","level":"info"}
{"message":"Connected to MongoDB...","level":"info"}
{"message":"Listening on port 3000...","level":"info"}
{"message":"Connected to MongoDB...","level":"info"}
{"message":"Listening on port 3000...","level":"info"}
{"message":"Connected to MongoDB...","level":"info"}
{"message":"Listening on port 3000...","level":"info"}
{"message":"Connected to MongoDB...","level":"info"}
{"message":"Listening on port 3000...","level":"info"}
{"message":"Connected to MongoDB...","level":"info"}
{"message":"Listening on port 3000...","level":"info"}
{"message":"Connected to MongoDB...","level":"info"}
{"message":"Listening on port 3000...","level":"info"}
{"message":"Connected to MongoDB...","level":"info"}
{"level":"error","message":"Task.find(...).populated is not a functionTask.find(...).populated is not a function","stack":"TypeError: Task.find(...).populated is not a function\n    at C:\\Users\\Mido\\Desktop\\task-manger-api\\routes\\task.route.js:34:33\n    at newFn (C:\\Users\\Mido\\Desktop\\task-manger-api\\node_modules\\express-async-errors\\index.js:16:20)\n    at Layer.handle [as handle_request] (C:\\Users\\Mido\\Desktop\\task-manger-api\\node_modules\\express\\lib\\router\\layer.js:95:5)\n    at next (C:\\Users\\Mido\\Desktop\\task-manger-api\\node_modules\\express\\lib\\router\\route.js:137:13)\n    at Route.dispatch (C:\\Users\\Mido\\Desktop\\task-manger-api\\node_modules\\express\\lib\\router\\route.js:112:3)\n    at newFn (C:\\Users\\Mido\\Desktop\\task-manger-api\\node_modules\\express-async-errors\\index.js:16:20)\n    at Layer.handle [as handle_request] (C:\\Users\\Mido\\Desktop\\task-manger-api\\node_modules\\express\\lib\\router\\layer.js:95:5)\n    at C:\\Users\\Mido\\Desktop\\task-manger-api\\node_modules\\express\\lib\\router\\index.js:281:22\n    at Function.process_params (C:\\Users\\Mido\\Desktop\\task-manger-api\\node_modules\\express\\lib\\router\\index.js:335:12)\n    at next (C:\\Users\\Mido\\Desktop\\task-manger-api\\node_modules\\express\\lib\\router\\index.js:275:10)\n    at Function.handle (C:\\Users\\Mido\\Desktop\\task-manger-api\\node_modules\\express\\lib\\router\\index.js:174:3)\n    at router (C:\\Users\\Mido\\Desktop\\task-manger-api\\node_modules\\express\\lib\\router\\index.js:47:12)\n    at newFn (C:\\Users\\Mido\\Desktop\\task-manger-api\\node_modules\\express-async-errors\\index.js:16:20)\n    at Layer.handle [as handle_request] (C:\\Users\\Mido\\Desktop\\task-manger-api\\node_modules\\express\\lib\\router\\layer.js:95:5)\n    at trim_prefix (C:\\Users\\Mido\\Desktop\\task-manger-api\\node_modules\\express\\lib\\router\\index.js:317:13)\n    at C:\\Users\\Mido\\Desktop\\task-manger-api\\node_modules\\express\\lib\\router\\index.js:284:7"}
{"message":"Listening on port 3000...","level":"info"}
{"message":"Connected to MongoDB...","level":"info"}
{"message":"Schema hasn't been registered for model \"Projects\".\nUse mongoose.model(name, schema)Schema hasn't been registered for model \"Projects\".\nUse mongoose.model(name, schema)","name":"MissingSchemaError","level":"error","stack":"MissingSchemaError: Schema hasn't been registered for model \"Projects\".\nUse mongoose.model(name, schema)\n    at new MissingSchemaError (C:\\Users\\Mido\\Desktop\\task-manger-api\\node_modules\\mongoose\\lib\\error\\missingSchema.js:22:11)\n    at NativeConnection.Connection.model (C:\\Users\\Mido\\Desktop\\task-manger-api\\node_modules\\mongoose\\lib\\connection.js:1095:11)\n    at getModelsMapForPopulate (C:\\Users\\Mido\\Desktop\\task-manger-api\\node_modules\\mongoose\\lib\\helpers\\populate\\getModelsMapForPopulate.js:265:59)\n    at populate (C:\\Users\\Mido\\Desktop\\task-manger-api\\node_modules\\mongoose\\lib\\model.js:4353:21)\n    at _populate (C:\\Users\\Mido\\Desktop\\task-manger-api\\node_modules\\mongoose\\lib\\model.js:4323:5)\n    at C:\\Users\\Mido\\Desktop\\task-manger-api\\node_modules\\mongoose\\lib\\model.js:4299:5\n    at promiseOrCallback (C:\\Users\\Mido\\Desktop\\task-manger-api\\node_modules\\mongoose\\lib\\helpers\\promiseOrCallback.js:9:12)\n    at Function.Model.populate (C:\\Users\\Mido\\Desktop\\task-manger-api\\node_modules\\mongoose\\lib\\model.js:4297:10)\n    at cb (C:\\Users\\Mido\\Desktop\\task-manger-api\\node_modules\\mongoose\\lib\\query.js:1933:17)\n    at C:\\Users\\Mido\\Desktop\\task-manger-api\\node_modules\\mongodb\\lib\\utils.js:731:5\n    at handleCallback (C:\\Users\\Mido\\Desktop\\task-manger-api\\node_modules\\mongodb\\lib\\utils.js:128:55)\n    at C:\\Users\\Mido\\Desktop\\task-manger-api\\node_modules\\mongodb\\lib\\cursor.js:841:66\n    at handleCallback (C:\\Users\\Mido\\Desktop\\task-manger-api\\node_modules\\mongodb\\lib\\utils.js:128:55)\n    at completeClose (C:\\Users\\Mido\\Desktop\\task-manger-api\\node_modules\\mongodb\\lib\\cursor.js:929:16)\n    at Cursor.close (C:\\Users\\Mido\\Desktop\\task-manger-api\\node_modules\\mongodb\\lib\\cursor.js:948:12)\n    at C:\\Users\\Mido\\Desktop\\task-manger-api\\node_modules\\mongodb\\lib\\cursor.js:841:27"}
{"message":"Listening on port 3000...","level":"info"}
{"message":"Connected to MongoDB...","level":"info"}
{"message":"Listening on port 3000...","level":"info"}
{"message":"Connected to MongoDB...","level":"info"}
{"message":"Schema hasn't been registered for model \"Users\".\nUse mongoose.model(name, schema)Schema hasn't been registered for model \"Users\".\nUse mongoose.model(name, schema)","name":"MissingSchemaError","level":"error","stack":"MissingSchemaError: Schema hasn't been registered for model \"Users\".\nUse mongoose.model(name, schema)\n    at new MissingSchemaError (C:\\Users\\Mido\\Desktop\\task-manger-api\\node_modules\\mongoose\\lib\\error\\missingSchema.js:22:11)\n    at NativeConnection.Connection.model (C:\\Users\\Mido\\Desktop\\task-manger-api\\node_modules\\mongoose\\lib\\connection.js:1095:11)\n    at getModelsMapForPopulate (C:\\Users\\Mido\\Desktop\\task-manger-api\\node_modules\\mongoose\\lib\\helpers\\populate\\getModelsMapForPopulate.js:265:59)\n    at populate (C:\\Users\\Mido\\Desktop\\task-manger-api\\node_modules\\mongoose\\lib\\model.js:4353:21)\n    at _populate (C:\\Users\\Mido\\Desktop\\task-manger-api\\node_modules\\mongoose\\lib\\model.js:4323:5)\n    at C:\\Users\\Mido\\Desktop\\task-manger-api\\node_modules\\mongoose\\lib\\model.js:4299:5\n    at promiseOrCallback (C:\\Users\\Mido\\Desktop\\task-manger-api\\node_modules\\mongoose\\lib\\helpers\\promiseOrCallback.js:9:12)\n    at Function.Model.populate (C:\\Users\\Mido\\Desktop\\task-manger-api\\node_modules\\mongoose\\lib\\model.js:4297:10)\n    at cb (C:\\Users\\Mido\\Desktop\\task-manger-api\\node_modules\\mongoose\\lib\\query.js:1933:17)\n    at C:\\Users\\Mido\\Desktop\\task-manger-api\\node_modules\\mongodb\\lib\\utils.js:731:5\n    at handleCallback (C:\\Users\\Mido\\Desktop\\task-manger-api\\node_modules\\mongodb\\lib\\utils.js:128:55)\n    at C:\\Users\\Mido\\Desktop\\task-manger-api\\node_modules\\mongodb\\lib\\cursor.js:841:66\n    at handleCallback (C:\\Users\\Mido\\Desktop\\task-manger-api\\node_modules\\mongodb\\lib\\utils.js:128:55)\n    at completeClose (C:\\Users\\Mido\\Desktop\\task-manger-api\\node_modules\\mongodb\\lib\\cursor.js:929:16)\n    at Cursor.close (C:\\Users\\Mido\\Desktop\\task-manger-api\\node_modules\\mongodb\\lib\\cursor.js:948:12)\n    at C:\\Users\\Mido\\Desktop\\task-manger-api\\node_modules\\mongodb\\lib\\cursor.js:841:27"}
{"message":"Listening on port 3000...","level":"info"}
{"message":"Connected to MongoDB...","level":"info"}
{"message":"Listening on port 3000...","level":"info"}
{"message":"Connected to MongoDB...","level":"info"}
{"message":"Listening on port 3000...","level":"info"}
{"message":"Connected to MongoDB...","level":"info"}
{"message":"Listening on port 3000...","level":"info"}
{"message":"Connected to MongoDB...","level":"info"}
{"message":"Listening on port 3000...","level":"info"}
{"message":"Connected to MongoDB...","level":"info"}
{"level":"error","message":"utils.populate: invalid path. Expected string. Got typeof `object`utils.populate: invalid path. Expected string. Got typeof `object`","stack":"TypeError: utils.populate: invalid path. Expected string. Got typeof `object`\n    at populate (C:\\Users\\Mido\\Desktop\\task-manger-api\\node_modules\\mongoose\\lib\\utils.js:507:11)\n    at model.Query.Query.populate (C:\\Users\\Mido\\Desktop\\task-manger-api\\node_modules\\mongoose\\lib\\query.js:4600:30)\n    at C:\\Users\\Mido\\Desktop\\task-manger-api\\routes\\task.route.js:34:33\n    at newFn (C:\\Users\\Mido\\Desktop\\task-manger-api\\node_modules\\express-async-errors\\index.js:16:20)\n    at Layer.handle [as handle_request] (C:\\Users\\Mido\\Desktop\\task-manger-api\\node_modules\\express\\lib\\router\\layer.js:95:5)\n    at next (C:\\Users\\Mido\\Desktop\\task-manger-api\\node_modules\\express\\lib\\router\\route.js:137:13)\n    at Route.dispatch (C:\\Users\\Mido\\Desktop\\task-manger-api\\node_modules\\express\\lib\\router\\route.js:112:3)\n    at newFn (C:\\Users\\Mido\\Desktop\\task-manger-api\\node_modules\\express-async-errors\\index.js:16:20)\n    at Layer.handle [as handle_request] (C:\\Users\\Mido\\Desktop\\task-manger-api\\node_modules\\express\\lib\\router\\layer.js:95:5)\n    at C:\\Users\\Mido\\Desktop\\task-manger-api\\node_modules\\express\\lib\\router\\index.js:281:22\n    at Function.process_params (C:\\Users\\Mido\\Desktop\\task-manger-api\\node_modules\\express\\lib\\router\\index.js:335:12)\n    at next (C:\\Users\\Mido\\Desktop\\task-manger-api\\node_modules\\express\\lib\\router\\index.js:275:10)\n    at Function.handle (C:\\Users\\Mido\\Desktop\\task-manger-api\\node_modules\\express\\lib\\router\\index.js:174:3)\n    at router (C:\\Users\\Mido\\Desktop\\task-manger-api\\node_modules\\express\\lib\\router\\index.js:47:12)\n    at newFn (C:\\Users\\Mido\\Desktop\\task-manger-api\\node_modules\\express-async-errors\\index.js:16:20)\n    at Layer.handle [as handle_request] (C:\\Users\\Mido\\Desktop\\task-manger-api\\node_modules\\express\\lib\\router\\layer.js:95:5)"}
{"message":"Listening on port 3000...","level":"info"}
{"message":"Connected to MongoDB...","level":"info"}
{"message":"Listening on port 3000...","level":"info"}
{"message":"Connected to MongoDB...","level":"info"}
{"message":"Listening on port 3000...","level":"info"}
{"message":"Connected to MongoDB...","level":"info"}
{"message":"Listening on port 3000...","level":"info"}
{"message":"Connected to MongoDB...","level":"info"}
{"message":"Listening on port 3000...","level":"info"}
{"message":"Connected to MongoDB...","level":"info"}
{"message":"Listening on port 3000...","level":"info"}
{"message":"Connected to MongoDB...","level":"info"}
{"message":"Listening on port 3000...","level":"info"}
{"message":"Connected to MongoDB...","level":"info"}
{"message":"Listening on port 3000...","level":"info"}
{"message":"Connected to MongoDB...","level":"info"}
{"message":"Listening on port 3000...","level":"info"}
{"message":"Connected to MongoDB...","level":"info"}
{"name":"MulterError","message":"Unexpected fieldUnexpected field","code":"LIMIT_UNEXPECTED_FILE","field":"imag","storageErrors":[],"level":"error","stack":"MulterError: Unexpected field\n    at wrappedFileFilter (C:\\Users\\Mido\\Desktop\\task-manger-api\\node_modules\\multer\\index.js:40:19)\n    at Busboy.<anonymous> (C:\\Users\\Mido\\Desktop\\task-manger-api\\node_modules\\multer\\lib\\make-middleware.js:114:7)\n    at Busboy.emit (events.js:311:20)\n    at Busboy.emit (C:\\Users\\Mido\\Desktop\\task-manger-api\\node_modules\\busboy\\lib\\main.js:38:33)\n    at PartStream.<anonymous> (C:\\Users\\Mido\\Desktop\\task-manger-api\\node_modules\\busboy\\lib\\types\\multipart.js:213:13)\n    at PartStream.emit (events.js:311:20)\n    at HeaderParser.<anonymous> (C:\\Users\\Mido\\Desktop\\task-manger-api\\node_modules\\dicer\\lib\\Dicer.js:51:16)\n    at HeaderParser.emit (events.js:311:20)\n    at HeaderParser._finish (C:\\Users\\Mido\\Desktop\\task-manger-api\\node_modules\\dicer\\lib\\HeaderParser.js:68:8)\n    at SBMH.<anonymous> (C:\\Users\\Mido\\Desktop\\task-manger-api\\node_modules\\dicer\\lib\\HeaderParser.js:40:12)\n    at SBMH.emit (events.js:311:20)\n    at SBMH._sbmh_feed (C:\\Users\\Mido\\Desktop\\task-manger-api\\node_modules\\streamsearch\\lib\\sbmh.js:95:16)\n    at SBMH.push (C:\\Users\\Mido\\Desktop\\task-manger-api\\node_modules\\streamsearch\\lib\\sbmh.js:56:14)\n    at HeaderParser.push (C:\\Users\\Mido\\Desktop\\task-manger-api\\node_modules\\dicer\\lib\\HeaderParser.js:46:19)\n    at Dicer._oninfo (C:\\Users\\Mido\\Desktop\\task-manger-api\\node_modules\\dicer\\lib\\Dicer.js:197:25)\n    at SBMH.<anonymous> (C:\\Users\\Mido\\Desktop\\task-manger-api\\node_modules\\dicer\\lib\\Dicer.js:127:10)"}
{"level":"error","message":"File is not definedFile is not defined","stack":"ReferenceError: File is not defined\n    at validateProject (C:\\Users\\Mido\\Desktop\\task-manger-api\\models\\project.model.js:33:39)\n    at C:\\Users\\Mido\\Desktop\\task-manger-api\\routes\\project.route.js:29:21\n    at newFn (C:\\Users\\Mido\\Desktop\\task-manger-api\\node_modules\\express-async-errors\\index.js:16:20)\n    at Layer.handle [as handle_request] (C:\\Users\\Mido\\Desktop\\task-manger-api\\node_modules\\express\\lib\\router\\layer.js:95:5)\n    at next (C:\\Users\\Mido\\Desktop\\task-manger-api\\node_modules\\express\\lib\\router\\route.js:137:13)\n    at module.exports (C:\\Users\\Mido\\Desktop\\task-manger-api\\middleware\\auth.js:11:5)\n    at newFn (C:\\Users\\Mido\\Desktop\\task-manger-api\\node_modules\\express-async-errors\\index.js:16:20)\n    at Layer.handle [as handle_request] (C:\\Users\\Mido\\Desktop\\task-manger-api\\node_modules\\express\\lib\\router\\layer.js:95:5)\n    at next (C:\\Users\\Mido\\Desktop\\task-manger-api\\node_modules\\express\\lib\\router\\route.js:137:13)\n    at Route.dispatch (C:\\Users\\Mido\\Desktop\\task-manger-api\\node_modules\\express\\lib\\router\\route.js:112:3)\n    at newFn (C:\\Users\\Mido\\Desktop\\task-manger-api\\node_modules\\express-async-errors\\index.js:16:20)\n    at Layer.handle [as handle_request] (C:\\Users\\Mido\\Desktop\\task-manger-api\\node_modules\\express\\lib\\router\\layer.js:95:5)\n    at C:\\Users\\Mido\\Desktop\\task-manger-api\\node_modules\\express\\lib\\router\\index.js:281:22\n    at Function.process_params (C:\\Users\\Mido\\Desktop\\task-manger-api\\node_modules\\express\\lib\\router\\index.js:335:12)\n    at next (C:\\Users\\Mido\\Desktop\\task-manger-api\\node_modules\\express\\lib\\router\\index.js:275:10)\n    at Function.handle (C:\\Users\\Mido\\Desktop\\task-manger-api\\node_modules\\express\\lib\\router\\index.js:174:3)"}
{"message":"Listening on port 3000...","level":"info"}
{"message":"Connected to MongoDB...","level":"info"}
{"message":"Listening on port 3000...","level":"info"}
{"message":"Connected to MongoDB...","level":"info"}
{"level":"error","message":"File is not definedFile is not defined","stack":"ReferenceError: File is not defined\n    at validateProject (C:\\Users\\Mido\\Desktop\\task-manger-api\\models\\project.model.js:33:39)\n    at C:\\Users\\Mido\\Desktop\\task-manger-api\\routes\\project.route.js:30:21\n    at newFn (C:\\Users\\Mido\\Desktop\\task-manger-api\\node_modules\\express-async-errors\\index.js:16:20)\n    at Layer.handle [as handle_request] (C:\\Users\\Mido\\Desktop\\task-manger-api\\node_modules\\express\\lib\\router\\layer.js:95:5)\n    at next (C:\\Users\\Mido\\Desktop\\task-manger-api\\node_modules\\express\\lib\\router\\route.js:137:13)\n    at module.exports (C:\\Users\\Mido\\Desktop\\task-manger-api\\middleware\\auth.js:11:5)\n    at newFn (C:\\Users\\Mido\\Desktop\\task-manger-api\\node_modules\\express-async-errors\\index.js:16:20)\n    at Layer.handle [as handle_request] (C:\\Users\\Mido\\Desktop\\task-manger-api\\node_modules\\express\\lib\\router\\layer.js:95:5)\n    at next (C:\\Users\\Mido\\Desktop\\task-manger-api\\node_modules\\express\\lib\\router\\route.js:137:13)\n    at Route.dispatch (C:\\Users\\Mido\\Desktop\\task-manger-api\\node_modules\\express\\lib\\router\\route.js:112:3)\n    at newFn (C:\\Users\\Mido\\Desktop\\task-manger-api\\node_modules\\express-async-errors\\index.js:16:20)\n    at Layer.handle [as handle_request] (C:\\Users\\Mido\\Desktop\\task-manger-api\\node_modules\\express\\lib\\router\\layer.js:95:5)\n    at C:\\Users\\Mido\\Desktop\\task-manger-api\\node_modules\\express\\lib\\router\\index.js:281:22\n    at Function.process_params (C:\\Users\\Mido\\Desktop\\task-manger-api\\node_modules\\express\\lib\\router\\index.js:335:12)\n    at next (C:\\Users\\Mido\\Desktop\\task-manger-api\\node_modules\\express\\lib\\router\\index.js:275:10)\n    at Function.handle (C:\\Users\\Mido\\Desktop\\task-manger-api\\node_modules\\express\\lib\\router\\index.js:174:3)"}
{"message":"Listening on port 3000...","level":"info"}
{"message":"Connected to MongoDB...","level":"info"}
{"level":"error","message":"File is not definedFile is not defined","stack":"ReferenceError: File is not defined\n    at validateProject (C:\\Users\\Mido\\Desktop\\task-manger-api\\models\\project.model.js:33:39)\n    at C:\\Users\\Mido\\Desktop\\task-manger-api\\routes\\project.route.js:30:21\n    at newFn (C:\\Users\\Mido\\Desktop\\task-manger-api\\node_modules\\express-async-errors\\index.js:16:20)\n    at Layer.handle [as handle_request] (C:\\Users\\Mido\\Desktop\\task-manger-api\\node_modules\\express\\lib\\router\\layer.js:95:5)\n    at next (C:\\Users\\Mido\\Desktop\\task-manger-api\\node_modules\\express\\lib\\router\\route.js:137:13)\n    at module.exports (C:\\Users\\Mido\\Desktop\\task-manger-api\\middleware\\auth.js:11:5)\n    at newFn (C:\\Users\\Mido\\Desktop\\task-manger-api\\node_modules\\express-async-errors\\index.js:16:20)\n    at Layer.handle [as handle_request] (C:\\Users\\Mido\\Desktop\\task-manger-api\\node_modules\\express\\lib\\router\\layer.js:95:5)\n    at next (C:\\Users\\Mido\\Desktop\\task-manger-api\\node_modules\\express\\lib\\router\\route.js:137:13)\n    at Route.dispatch (C:\\Users\\Mido\\Desktop\\task-manger-api\\node_modules\\express\\lib\\router\\route.js:112:3)\n    at newFn (C:\\Users\\Mido\\Desktop\\task-manger-api\\node_modules\\express-async-errors\\index.js:16:20)\n    at Layer.handle [as handle_request] (C:\\Users\\Mido\\Desktop\\task-manger-api\\node_modules\\express\\lib\\router\\layer.js:95:5)\n    at C:\\Users\\Mido\\Desktop\\task-manger-api\\node_modules\\express\\lib\\router\\index.js:281:22\n    at Function.process_params (C:\\Users\\Mido\\Desktop\\task-manger-api\\node_modules\\express\\lib\\router\\index.js:335:12)\n    at next (C:\\Users\\Mido\\Desktop\\task-manger-api\\node_modules\\express\\lib\\router\\index.js:275:10)\n    at Function.handle (C:\\Users\\Mido\\Desktop\\task-manger-api\\node_modules\\express\\lib\\router\\index.js:174:3)"}
{"message":"Listening on port 3000...","level":"info"}
{"message":"Connected to MongoDB...","level":"info"}
{"message":"Listening on port 3000...","level":"info"}
{"message":"Connected to MongoDB...","level":"info"}
{"message":"Listening on port 3000...","level":"info"}
{"message":"Connected to MongoDB...","level":"info"}
{"message":"Listening on port 3000...","level":"info"}
{"message":"Connected to MongoDB...","level":"info"}
{"message":"Listening on port 3000...","level":"info"}
{"message":"Connected to MongoDB...","level":"info"}
{"message":"Listening on port 3000...","level":"info"}
{"message":"Connected to MongoDB...","level":"info"}
{"message":"Listening on port 3000...","level":"info"}
{"message":"Connected to MongoDB...","level":"info"}
{"message":"Listening on port 3000...","level":"info"}
{"message":"Connected to MongoDB...","level":"info"}
{"message":"Listening on port 3000...","level":"info"}
{"message":"Connected to MongoDB...","level":"info"}
{"message":"Listening on port 3000...","level":"info"}
{"message":"Connected to MongoDB...","level":"info"}
{"message":"Listening on port 3000...","level":"info"}
{"message":"Connected to MongoDB...","level":"info"}
{"message":"Listening on port 3000...","level":"info"}
{"message":"Connected to MongoDB...","level":"info"}
{"message":"Listening on port 3000...","level":"info"}
{"message":"Connected to MongoDB...","level":"info"}
{"message":"Listening on port 3000...","level":"info"}
{"message":"Connected to MongoDB...","level":"info"}
{"message":"Listening on port 3000...","level":"info"}
{"message":"Connected to MongoDB...","level":"info"}
{"message":"Listening on port 3000...","level":"info"}
{"message":"Connected to MongoDB...","level":"info"}
{"message":"Listening on port 3000...","level":"info"}
{"message":"Connected to MongoDB...","level":"info"}
{"level":"error","message":"File is not definedFile is not defined","stack":"ReferenceError: File is not defined\n    at validateProject (C:\\Users\\Mido\\Desktop\\task-manger-api\\models\\project.model.js:33:39)\n    at C:\\Users\\Mido\\Desktop\\task-manger-api\\routes\\project.route.js:30:21\n    at newFn (C:\\Users\\Mido\\Desktop\\task-manger-api\\node_modules\\express-async-errors\\index.js:16:20)\n    at Layer.handle [as handle_request] (C:\\Users\\Mido\\Desktop\\task-manger-api\\node_modules\\express\\lib\\router\\layer.js:95:5)\n    at next (C:\\Users\\Mido\\Desktop\\task-manger-api\\node_modules\\express\\lib\\router\\route.js:137:13)\n    at module.exports (C:\\Users\\Mido\\Desktop\\task-manger-api\\middleware\\auth.js:11:5)\n    at newFn (C:\\Users\\Mido\\Desktop\\task-manger-api\\node_modules\\express-async-errors\\index.js:16:20)\n    at Layer.handle [as handle_request] (C:\\Users\\Mido\\Desktop\\task-manger-api\\node_modules\\express\\lib\\router\\layer.js:95:5)\n    at next (C:\\Users\\Mido\\Desktop\\task-manger-api\\node_modules\\express\\lib\\router\\route.js:137:13)\n    at Route.dispatch (C:\\Users\\Mido\\Desktop\\task-manger-api\\node_modules\\express\\lib\\router\\route.js:112:3)\n    at newFn (C:\\Users\\Mido\\Desktop\\task-manger-api\\node_modules\\express-async-errors\\index.js:16:20)\n    at Layer.handle [as handle_request] (C:\\Users\\Mido\\Desktop\\task-manger-api\\node_modules\\express\\lib\\router\\layer.js:95:5)\n    at C:\\Users\\Mido\\Desktop\\task-manger-api\\node_modules\\express\\lib\\router\\index.js:281:22\n    at Function.process_params (C:\\Users\\Mido\\Desktop\\task-manger-api\\node_modules\\express\\lib\\router\\index.js:335:12)\n    at next (C:\\Users\\Mido\\Desktop\\task-manger-api\\node_modules\\express\\lib\\router\\index.js:275:10)\n    at Function.handle (C:\\Users\\Mido\\Desktop\\task-manger-api\\node_modules\\express\\lib\\router\\index.js:174:3)"}
{"message":"Listening on port 3000...","level":"info"}
{"message":"Connected to MongoDB...","level":"info"}
{"level":"error","message":"Joi.data is not a functionJoi.data is not a function","stack":"TypeError: Joi.data is not a function\n    at validateProject (C:\\Users\\Mido\\Desktop\\task-manger-api\\models\\project.model.js:33:20)\n    at C:\\Users\\Mido\\Desktop\\task-manger-api\\routes\\project.route.js:30:21\n    at newFn (C:\\Users\\Mido\\Desktop\\task-manger-api\\node_modules\\express-async-errors\\index.js:16:20)\n    at Layer.handle [as handle_request] (C:\\Users\\Mido\\Desktop\\task-manger-api\\node_modules\\express\\lib\\router\\layer.js:95:5)\n    at next (C:\\Users\\Mido\\Desktop\\task-manger-api\\node_modules\\express\\lib\\router\\route.js:137:13)\n    at module.exports (C:\\Users\\Mido\\Desktop\\task-manger-api\\middleware\\auth.js:11:5)\n    at newFn (C:\\Users\\Mido\\Desktop\\task-manger-api\\node_modules\\express-async-errors\\index.js:16:20)\n    at Layer.handle [as handle_request] (C:\\Users\\Mido\\Desktop\\task-manger-api\\node_modules\\express\\lib\\router\\layer.js:95:5)\n    at next (C:\\Users\\Mido\\Desktop\\task-manger-api\\node_modules\\express\\lib\\router\\route.js:137:13)\n    at Route.dispatch (C:\\Users\\Mido\\Desktop\\task-manger-api\\node_modules\\express\\lib\\router\\route.js:112:3)\n    at newFn (C:\\Users\\Mido\\Desktop\\task-manger-api\\node_modules\\express-async-errors\\index.js:16:20)\n    at Layer.handle [as handle_request] (C:\\Users\\Mido\\Desktop\\task-manger-api\\node_modules\\express\\lib\\router\\layer.js:95:5)\n    at C:\\Users\\Mido\\Desktop\\task-manger-api\\node_modules\\express\\lib\\router\\index.js:281:22\n    at Function.process_params (C:\\Users\\Mido\\Desktop\\task-manger-api\\node_modules\\express\\lib\\router\\index.js:335:12)\n    at next (C:\\Users\\Mido\\Desktop\\task-manger-api\\node_modules\\express\\lib\\router\\index.js:275:10)\n    at Function.handle (C:\\Users\\Mido\\Desktop\\task-manger-api\\node_modules\\express\\lib\\router\\index.js:174:3)"}
{"message":"Listening on port 3000...","level":"info"}
{"message":"Connected to MongoDB...","level":"info"}
{"message":"Listening on port 3000...","level":"info"}
{"message":"Connected to MongoDB...","level":"info"}
{"message":"Listening on port 3000...","level":"info"}
{"message":"Connected to MongoDB...","level":"info"}
{"message":"Listening on port 3000...","level":"info"}
{"message":"Connected to MongoDB...","level":"info"}
{"message":"Listening on port 3000...","level":"info"}
{"message":"Connected to MongoDB...","level":"info"}
{"message":"Listening on port 3000...","level":"info"}
{"message":"Connected to MongoDB...","level":"info"}
{"message":"Listening on port 3000...","level":"info"}
{"message":"Connected to MongoDB...","level":"info"}
{"message":"Listening on port 3000...","level":"info"}
{"message":"Connected to MongoDB...","level":"info"}
{"message":"Listening on port 3000...","level":"info"}
{"message":"Connected to MongoDB...","level":"info"}
{"message":"Listening on port 3000...","level":"info"}
{"message":"Connected to MongoDB...","level":"info"}
{"level":"error","message":"res.status(...).send(...).populate is not a functionres.status(...).send(...).populate is not a function","stack":"TypeError: res.status(...).send(...).populate is not a function\n    at C:\\Users\\Mido\\Desktop\\task-manger-api\\routes\\task.route.js:25:79\n    at newFn (C:\\Users\\Mido\\Desktop\\task-manger-api\\node_modules\\express-async-errors\\index.js:16:20)\n    at Layer.handle [as handle_request] (C:\\Users\\Mido\\Desktop\\task-manger-api\\node_modules\\express\\lib\\router\\layer.js:95:5)\n    at next (C:\\Users\\Mido\\Desktop\\task-manger-api\\node_modules\\express\\lib\\router\\route.js:137:13)\n    at Route.dispatch (C:\\Users\\Mido\\Desktop\\task-manger-api\\node_modules\\express\\lib\\router\\route.js:112:3)\n    at newFn (C:\\Users\\Mido\\Desktop\\task-manger-api\\node_modules\\express-async-errors\\index.js:16:20)\n    at Layer.handle [as handle_request] (C:\\Users\\Mido\\Desktop\\task-manger-api\\node_modules\\express\\lib\\router\\layer.js:95:5)\n    at C:\\Users\\Mido\\Desktop\\task-manger-api\\node_modules\\express\\lib\\router\\index.js:281:22\n    at param (C:\\Users\\Mido\\Desktop\\task-manger-api\\node_modules\\express\\lib\\router\\index.js:354:14)\n    at param (C:\\Users\\Mido\\Desktop\\task-manger-api\\node_modules\\express\\lib\\router\\index.js:365:14)\n    at Function.process_params (C:\\Users\\Mido\\Desktop\\task-manger-api\\node_modules\\express\\lib\\router\\index.js:410:3)\n    at next (C:\\Users\\Mido\\Desktop\\task-manger-api\\node_modules\\express\\lib\\router\\index.js:275:10)\n    at Function.handle (C:\\Users\\Mido\\Desktop\\task-manger-api\\node_modules\\express\\lib\\router\\index.js:174:3)\n    at router (C:\\Users\\Mido\\Desktop\\task-manger-api\\node_modules\\express\\lib\\router\\index.js:47:12)\n    at newFn (C:\\Users\\Mido\\Desktop\\task-manger-api\\node_modules\\express-async-errors\\index.js:16:20)\n    at Layer.handle [as handle_request] (C:\\Users\\Mido\\Desktop\\task-manger-api\\node_modules\\express\\lib\\router\\layer.js:95:5)"}
{"message":"Listening on port 3000...","level":"info"}
{"message":"Connected to MongoDB...","level":"info"}
{"message":"Listening on port 3000...","level":"info"}
{"message":"Connected to MongoDB...","level":"info"}
{"message":"Listening on port 3000...","level":"info"}
{"message":"Connected to MongoDB...","level":"info"}
{"message":"Listening on port 3000...","level":"info"}
{"message":"Connected to MongoDB...","level":"info"}
{"message":"Listening on port 3000...","level":"info"}
{"message":"Connected to MongoDB...","level":"info"}
{"message":"Listening on port 3000...","level":"info"}
{"message":"Connected to MongoDB...","level":"info"}
{"message":"Listening on port 3000...","level":"info"}
{"message":"Connected to MongoDB...","level":"info"}
{"message":"Listening on port 3000...","level":"info"}
{"message":"Connected to MongoDB...","level":"info"}
{"message":"Listening on port 3000...","level":"info"}
{"message":"Connected to MongoDB...","level":"info"}
{"message":"Listening on port 3000...","level":"info"}
{"message":"Connected to MongoDB...","level":"info"}
{"message":"Listening on port 3000...","level":"info"}
{"message":"Connected to MongoDB...","level":"info"}
{"message":"Listening on port 3000...","level":"info"}
{"message":"Connected to MongoDB...","level":"info"}
{"message":"Listening on port 3000...","level":"info"}
{"message":"Connected to MongoDB...","level":"info"}
{"message":"Listening on port 3000...","level":"info"}
{"message":"Connected to MongoDB...","level":"info"}
{"message":"Listening on port 3000...","level":"info"}
{"message":"Connected to MongoDB...","level":"info"}
{"message":"Listening on port 3000...","level":"info"}
{"message":"Connected to MongoDB...","level":"info"}
{"message":"Listening on port 3000...","level":"info"}
{"message":"Connected to MongoDB...","level":"info"}
{"message":"Listening on port 3000...","level":"info"}
{"message":"Connected to MongoDB...","level":"info"}
{"message":"Listening on port 3000...","level":"info"}
{"message":"Connected to MongoDB...","level":"info"}
{"message":"Listening on port 3000...","level":"info"}
{"message":"Connected to MongoDB...","level":"info"}
{"message":"Listening on port 3000...","level":"info"}
{"message":"Connected to MongoDB...","level":"info"}
{"message":"Listening on port 3000...","level":"info"}
{"message":"Connected to MongoDB...","level":"info"}
{"message":"Listening on port 3000...","level":"info"}
{"message":"Connected to MongoDB...","level":"info"}
